\BOOKMARK [0][]{sjtuchapter.1.0}{\376\377\142\111\230\165}{}% 1
\BOOKMARK [0][]{sjtuchapter.2.0}{\376\377\162\110\147\103\117\177\165\050\143\210\147\103\116\146}{}% 2
\BOOKMARK [0][]{sjtuchapter.3.0}{\376\377\144\130\211\201}{}% 3
\BOOKMARK [0][]{sjtuchapter.4.0}{\376\377\166\356\137\125}{}% 4
\BOOKMARK [0][]{sjtuchapter.5.0}{\376\377\143\322\126\376\175\042\137\025}{}% 5
\BOOKMARK [0][]{sjtuchapter.6.0}{\376\377\210\150\150\074\175\042\137\025}{}% 6
\BOOKMARK [0][]{sjtuchapter.7.0}{\376\377\173\227\154\325\175\042\137\025}{}% 7
\BOOKMARK [0][]{sjtuchapter.8.0}{\376\377\116\073\211\201\173\046\123\367\133\371\161\147\210\150}{}% 8
\BOOKMARK [0][]{chapter.1}{\376\377\173\054\116\000\172\340\000\040\176\352\213\272}{}% 9
\BOOKMARK [1][-]{section.1.1}{\376\377\0001\000.\0001\000\040\213\376\230\230\170\024\172\166\200\314\146\157\123\312\141\017\116\111}{chapter.1}% 10
\BOOKMARK [1][-]{section.1.2}{\376\377\0001\000.\0002\000\040\126\375\121\205\131\026\170\024\172\166\163\260\162\266}{chapter.1}% 11
\BOOKMARK [1][-]{section.1.3}{\376\377\0001\000.\0003\000\040\116\073\211\201\170\024\172\166\121\205\133\271\116\016\172\340\202\202\176\323\147\204\133\211\143\222}{chapter.1}% 12
\BOOKMARK [0][]{chapter.2}{\376\377\173\054\116\214\172\340\000\040\172\172\172\172\133\374\137\071\116\373\122\241\122\006\221\115\152\041\127\213}{}% 13
\BOOKMARK [1][-]{section.2.1}{\376\377\0002\000.\0001\000\040\137\025\212\000}{chapter.2}% 14
\BOOKMARK [1][-]{section.2.2}{\376\377\0002\000.\0002\000\040\137\071\166\356\166\370\133\371\217\320\122\250\152\041\127\213}{chapter.2}% 15
\BOOKMARK [1][-]{section.2.3}{\376\377\0002\000.\0003\000\040\122\151\117\131\145\073\121\373\145\366\225\364\117\060\213\241}{chapter.2}% 16
\BOOKMARK [1][-]{section.2.4}{\376\377\0002\000.\0004\000\040\200\375\221\317\147\000\117\030\122\066\133\374\137\213}{chapter.2}% 17
\BOOKMARK [1][-]{section.2.5}{\376\377\0002\000.\0005\000\040\116\373\122\241\122\006\221\115\152\041\127\213\136\372\172\313}{chapter.2}% 18
\BOOKMARK [2][-]{subsection.2.5.1}{\376\377\0002\000.\0005\000.\0001\000\040\127\372\147\054\152\041\127\213}{section.2.5}% 19
\BOOKMARK [2][-]{subsection.2.5.2}{\376\377\0002\000.\0005\000.\0002\000\040\122\250\140\001\116\373\122\241\122\006\221\115\152\041\127\213}{section.2.5}% 20
\BOOKMARK [1][-]{section.2.6}{\376\377\0002\000.\0006\000\040\147\054\172\340\134\017\176\323}{chapter.2}% 21
\BOOKMARK [0][]{chapter.3}{\376\377\173\054\116\011\172\340\000\040\127\372\116\216\122\277\123\132\137\010\166\204\122\006\136\003\137\017\116\373\122\241\122\006\221\115\145\271\154\325}{}% 22
\BOOKMARK [1][-]{section.3.1}{\376\377\0003\000.\0001\000\040\137\025\212\000}{chapter.3}% 23
\BOOKMARK [1][-]{section.3.2}{\376\377\0003\000.\0002\000\040\122\277\123\132\137\010\152\041\127\213}{chapter.3}% 24
\BOOKMARK [1][-]{section.3.3}{\376\377\0003\000.\0003\000\040\227\142\124\021\116\373\122\241\122\006\221\115\225\356\230\230\166\204\122\277\123\132\137\010\152\041\127\213\213\276\213\241}{chapter.3}% 25
\BOOKMARK [2][-]{subsection.3.3.1}{\376\377\0003\000.\0003\000.\0001\000\040\000W\000L\000U\145\110\165\050\121\375\145\160}{section.3.3}% 26
\BOOKMARK [2][-]{subsection.3.3.2}{\376\377\0003\000.\0003\000.\0002\000\040\176\246\147\137\147\141\116\366\131\004\164\006\145\271\154\325}{section.3.3}% 27
\BOOKMARK [1][-]{section.3.4}{\376\377\0003\000.\0004\000\040\227\142\124\021\116\373\122\241\122\006\221\115\225\356\230\230\166\204\122\277\123\132\137\010\121\263\173\126\173\227\154\325}{chapter.3}% 28
\BOOKMARK [2][-]{subsection.3.4.1}{\376\377\0003\000.\0004\000.\0001\000\040\123\132\137\010\133\146\116\140\173\227\154\325}{section.3.4}% 29
\BOOKMARK [2][-]{subsection.3.4.2}{\376\377\0003\000.\0004\000.\0002\000\040\116\373\122\241\116\244\146\023}{section.3.4}% 30
\BOOKMARK [2][-]{subsection.3.4.3}{\376\377\0003\000.\0004\000.\0003\000\040\173\227\154\325\131\015\147\102\136\246\122\006\147\220}{section.3.4}% 31
\BOOKMARK [1][-]{section.3.5}{\376\377\0003\000.\0005\000\040\116\377\167\037\122\006\147\220\116\016\133\371\153\324}{chapter.3}% 32
\BOOKMARK [2][-]{subsection.3.5.1}{\376\377\0003\000.\0005\000.\0001\000\040\127\072\146\157\211\304\152\041\116\377\167\037\122\006\147\220}{section.3.5}% 33
\BOOKMARK [2][-]{subsection.3.5.2}{\376\377\0003\000.\0005\000.\0002\000\040\227\136\136\163\210\141\143\007\155\076\127\072\146\157\116\377\167\037\122\006\147\220}{section.3.5}% 34
\BOOKMARK [1][-]{section.3.6}{\376\377\0003\000.\0006\000\040\147\054\172\340\134\017\176\323}{chapter.3}% 35
\BOOKMARK [0][]{chapter.4}{\376\377\173\054\126\333\172\340\000\040\127\372\116\216\120\117\131\175\200\124\166\337\123\132\137\010\166\204\122\006\136\003\137\017\116\373\122\241\122\006\221\115\145\271\154\325}{}% 36
\BOOKMARK [1][-]{section.4.1}{\376\377\0004\000.\0001\000\040\137\025\212\000}{chapter.4}% 37
\BOOKMARK [1][-]{section.4.2}{\376\377\0004\000.\0002\000\040\120\117\131\175\200\124\166\337\123\132\137\010\152\041\127\213}{chapter.4}% 38
\BOOKMARK [1][-]{section.4.3}{\376\377\0004\000.\0003\000\040\227\142\124\021\116\373\122\241\122\006\221\115\166\204\120\117\131\175\200\124\166\337\123\132\137\010\152\041\127\213\213\276\213\241}{chapter.4}% 39
\BOOKMARK [1][-]{section.4.4}{\376\377\0004\000.\0004\000\040\127\372\116\216\120\117\131\175\200\124\166\337\123\132\137\010\152\041\127\213\166\204\121\263\173\126\173\227\154\325}{chapter.4}% 40
\BOOKMARK [2][-]{subsection.4.4.1}{\376\377\0004\000.\0004\000.\0001\000\040\000S\000A\000P\173\227\154\325}{section.4.4}% 41
\BOOKMARK [2][-]{subsection.4.4.2}{\376\377\0004\000.\0004\000.\0002\000\040\122\006\136\003\137\017\116\000\201\364\140\047\173\227\154\325}{section.4.4}% 42
\BOOKMARK [2][-]{subsection.4.4.3}{\376\377\0004\000.\0004\000.\0003\000\040\152\041\127\213\116\016\173\227\154\325\140\047\200\375\122\006\147\220}{section.4.4}% 43
\BOOKMARK [1][-]{section.4.5}{\376\377\0004\000.\0005\000\040\116\377\167\037\122\006\147\220\116\016\133\371\153\324}{chapter.4}% 44
\BOOKMARK [2][-]{subsection.4.5.1}{\376\377\0004\000.\0005\000.\0001\000\040\133\374\137\071\116\016\166\356\150\007\145\160\221\317\227\136\136\163\210\141\172\013\136\246\137\161\124\315\116\377\167\037\122\006\147\220}{section.4.5}% 45
\BOOKMARK [2][-]{subsection.4.5.2}{\376\377\0004\000.\0005\000.\0002\000\040\166\356\150\007\116\113\225\364\122\006\221\115\145\160\221\317\227\136\136\163\210\141\172\013\136\246\137\161\124\315\116\377\167\037\122\006\147\220}{section.4.5}% 46
\BOOKMARK [1][-]{section.4.6}{\376\377\0004\000.\0006\000\040\147\054\172\340\134\017\176\323}{chapter.4}% 47
\BOOKMARK [0][]{chapter.5}{\376\377\173\054\116\224\172\340\000\040\127\372\116\216\226\217\147\072\123\132\137\010\152\041\127\213\166\204\122\006\136\003\137\017\122\250\140\001\116\373\122\241\122\006\221\115\150\106\147\266}{}% 48
\BOOKMARK [1][-]{section.5.1}{\376\377\0005\000.\0001\000\040\137\025\212\000}{chapter.5}% 49
\BOOKMARK [1][-]{section.5.2}{\376\377\0005\000.\0002\000\040\226\217\147\072\123\132\137\010\152\041\127\213}{chapter.5}% 50
\BOOKMARK [1][-]{section.5.3}{\376\377\0005\000.\0003\000\040\227\142\124\021\122\250\140\001\116\373\122\241\122\006\221\115\225\356\230\230\166\204\226\217\147\072\123\132\137\010\150\106\147\266\213\276\213\241}{chapter.5}% 51
\BOOKMARK [2][-]{subsection.5.3.1}{\376\377\0005\000.\0003\000.\0001\000\040\145\366\225\364\172\227\123\343\122\022\122\006}{section.5.3}% 52
\BOOKMARK [2][-]{subsection.5.3.2}{\376\377\0005\000.\0003\000.\0002\000\040\123\132\137\010\133\120\152\041\127\213\136\372\172\313}{section.5.3}% 53
\BOOKMARK [2][-]{subsection.5.3.3}{\376\377\0005\000.\0003\000.\0003\000\040\123\132\137\010\226\066\153\265\122\007\143\142}{section.5.3}% 54
\BOOKMARK [1][-]{section.5.4}{\376\377\0005\000.\0004\000\040\221\315\122\006\221\115\211\346\123\321\147\072\122\066}{chapter.5}% 55
\BOOKMARK [2][-]{subsection.5.4.1}{\376\377\0005\000.\0004\000.\0001\000\040\220\032\117\341\177\121\176\334\227\136\217\336\220\032}{section.5.4}% 56
\BOOKMARK [2][-]{subsection.5.4.2}{\376\377\0005\000.\0004\000.\0002\000\040\166\356\150\007\145\160\221\317\123\357\123\330}{section.5.4}% 57
\BOOKMARK [1][-]{section.5.5}{\376\377\0005\000.\0005\000\040\174\373\176\337\213\276\213\241\116\016\116\377\167\037\232\214\213\301}{chapter.5}% 58
\BOOKMARK [2][-]{subsection.5.5.1}{\376\377\0005\000.\0005\000.\0001\000\040\122\250\140\001\116\373\122\241\122\006\221\115\174\373\176\337\213\276\213\241}{section.5.5}% 59
\BOOKMARK [2][-]{subsection.5.5.2}{\376\377\0005\000.\0005\000.\0002\000\040\116\377\167\037\133\236\232\214}{section.5.5}% 60
\BOOKMARK [1][-]{section.5.6}{\376\377\0005\000.\0006\000\040\147\054\172\340\134\017\176\323}{chapter.5}% 61
\BOOKMARK [0][]{chapter.6}{\376\377\173\054\121\155\172\340\000\040\140\073\176\323\116\016\134\125\147\033}{}% 62
\BOOKMARK [1][-]{section.6.1}{\376\377\0006\000.\0001\000\040\147\054\145\207\140\073\176\323}{chapter.6}% 63
\BOOKMARK [1][-]{section.6.2}{\376\377\0006\000.\0002\000\040\147\052\147\145\134\125\147\033}{chapter.6}% 64
\BOOKMARK [0][]{chapter*.52}{\376\377\123\302\200\003\145\207\163\056}{}% 65
\BOOKMARK [0][]{section*.53}{\376\377\201\364\214\042}{}% 66
\BOOKMARK [0][]{section*.55}{\376\377\145\073\213\373\133\146\117\115\147\037\225\364\123\321\210\150\377\010\142\026\137\125\165\050\377\011\166\204\133\146\147\057\213\272\145\207}{}% 67
\BOOKMARK [0][]{section*.57}{\376\377\145\073\213\373\133\146\117\115\147\037\225\364\203\267\137\227\166\204\171\321\170\024\142\020\147\234}{}% 68
